Release 14.7 Map P.20131013 (nt64)
Xilinx Mapping Report File for Design 'top_level'

Design Information
------------------
Command Line   : map -intstyle pa -w top_level.ngd 
Target Device  : xc6slx9
Target Package : tqg144
Target Speed   : -3
Mapper Version : spartan6 -- $Revision: 1.55 $
Mapped Date    : Thu Sep 21 14:17:53 2017

Design Summary
--------------
Number of errors:      0
Number of warnings:    0
Slice Logic Utilization:
  Number of Slice Registers:                   280 out of  11,440    2%
    Number used as Flip Flops:                 280
    Number used as Latches:                      0
    Number used as Latch-thrus:                  0
    Number used as AND/OR logics:                0
  Number of Slice LUTs:                        411 out of   5,720    7%
    Number used as logic:                      401 out of   5,720    7%
      Number using O6 output only:             340
      Number using O5 output only:              11
      Number using O5 and O6:                   50
      Number used as ROM:                        0
    Number used as Memory:                       0 out of   1,440    0%
    Number used exclusively as route-thrus:     10
      Number with same-slice register load:      9
      Number with same-slice carry load:         1
      Number with other load:                    0

Slice Logic Distribution:
  Number of occupied Slices:                   155 out of   1,430   10%
  Number of MUXCYs used:                        36 out of   2,860    1%
  Number of LUT Flip Flop pairs used:          448
    Number with an unused Flip Flop:           182 out of     448   40%
    Number with an unused LUT:                  37 out of     448    8%
    Number of fully used LUT-FF pairs:         229 out of     448   51%
    Number of unique control sets:              16
    Number of slice register sites lost
      to control set restrictions:              40 out of  11,440    1%

  A LUT Flip Flop pair for this architecture represents one LUT paired with
  one Flip Flop within a slice.  A control set is a unique combination of
  clock, reset, set, and enable signals for a registered element.
  The Slice Logic Distribution report is not meaningful if the design is
  over-mapped for a non-slice resource or if Placement fails.

IO Utilization:
  Number of bonded IOBs:                        41 out of     102   40%
    Number of LOCed IOBs:                       15 out of      41   36%

Specific Feature Utilization:
  Number of RAMB16BWERs:                         0 out of      32    0%
  Number of RAMB8BWERs:                          0 out of      64    0%
  Number of BUFIO2/BUFIO2_2CLKs:                 0 out of      32    0%
  Number of BUFIO2FB/BUFIO2FB_2CLKs:             0 out of      32    0%
  Number of BUFG/BUFGMUXs:                       1 out of      16    6%
    Number used as BUFGs:                        1
    Number used as BUFGMUX:                      0
  Number of DCM/DCM_CLKGENs:                     0 out of       4    0%
  Number of ILOGIC2/ISERDES2s:                   0 out of     200    0%
  Number of IODELAY2/IODRP2/IODRP2_MCBs:         0 out of     200    0%
  Number of OLOGIC2/OSERDES2s:                   0 out of     200    0%
  Number of BSCANs:                              0 out of       4    0%
  Number of BUFHs:                               0 out of     128    0%
  Number of BUFPLLs:                             0 out of       8    0%
  Number of BUFPLL_MCBs:                         0 out of       4    0%
  Number of DSP48A1s:                            0 out of      16    0%
  Number of ICAPs:                               0 out of       1    0%
  Number of MCBs:                                0 out of       2    0%
  Number of PCILOGICSEs:                         0 out of       2    0%
  Number of PLL_ADVs:                            0 out of       2    0%
  Number of PMVs:                                0 out of       1    0%
  Number of STARTUPs:                            0 out of       1    0%
  Number of SUSPEND_SYNCs:                       0 out of       1    0%

Average Fanout of Non-Clock Nets:                4.64

Peak Memory Usage:  350 MB
Total REAL time to MAP completion:  13 secs 
Total CPU time to MAP completion:   12 secs 

Table of Contents
-----------------
Section 1 - Errors
Section 2 - Warnings
Section 3 - Informational
Section 4 - Removed Logic Summary
Section 5 - Removed Logic
Section 6 - IOB Properties
Section 7 - RPMs
Section 8 - Guide Report
Section 9 - Area Group and Partition Summary
Section 10 - Timing Report
Section 11 - Configuration String Information
Section 12 - Control Set Information
Section 13 - Utilization by Hierarchy

Section 1 - Errors
------------------

Section 2 - Warnings
--------------------

Section 3 - Informational
-------------------------
INFO:LIT:243 - Logical network sw_in(7) has no load.
INFO:LIT:395 - The above info message is repeated 7 more times for the following
   (max. 5 shown):
   sw_in(6),
   sw_in(5),
   sw_in(4),
   sw_in(3),
   sw_in(2)
   To see the details of these info messages, please use the -detail switch.
INFO:MapLib:562 - No environment variables are currently set.
INFO:LIT:244 - All of the single ended outputs in this design are using slew
   rate limited output drivers. The delay on speed critical single ended outputs
   can be dramatically reduced by designating them as fast outputs.
INFO:Pack:1716 - Initializing temperature to 85.000 Celsius. (default - Range:
   0.000 to 85.000 Celsius)
INFO:Pack:1720 - Initializing voltage to 1.140 Volts. (default - Range: 1.140 to
   1.260 Volts)
INFO:Map:215 - The Interim Design Summary has been generated in the MAP Report
   (.mrp).
INFO:Place:834 - Only a subset of IOs are locked. Out of 41 IOs, 15 are locked
   and 26 are not locked. If you would like to print the names of these IOs,
   please set the environment variable XIL_PAR_DESIGN_CHECK_VERBOSE to 1. 
INFO:Pack:1650 - Map created a placed design.

Section 4 - Removed Logic Summary
---------------------------------
   7 block(s) optimized away

Section 5 - Removed Logic
-------------------------

Optimized Block(s):
TYPE 		BLOCK
GND 		XST_GND
VCC 		XST_VCC
GND 		comm_fpga_fx2/XST_GND
VCC 		comm_fpga_fx2/XST_VCC
GND 		controller_inst/UART_inst/XST_GND
GND 		controller_inst/regFile_inst/XST_GND
VCC 		controller_inst/regFile_inst/XST_VCC

To enable printing of redundant blocks removed and signals merged, set the
detailed map report option and rerun map.

Section 6 - IOB Properties
--------------------------

+---------------------------------------------------------------------------------------------------------------------------------------------------------+
| IOB Name                           | Type             | Direction | IO Standard          | Diff  | Drive    | Slew | Reg (s)      | Resistor | IOB      |
|                                    |                  |           |                      | Term  | Strength | Rate |              |          | Delay    |
+---------------------------------------------------------------------------------------------------------------------------------------------------------+
| anode_out[0]                       | IOB              | OUTPUT    | LVCMOS25             |       | 12       | SLOW |              |          |          |
| anode_out[1]                       | IOB              | OUTPUT    | LVCMOS25             |       | 12       | SLOW |              |          |          |
| anode_out[2]                       | IOB              | OUTPUT    | LVCMOS25             |       | 12       | SLOW |              |          |          |
| anode_out[3]                       | IOB              | OUTPUT    | LVCMOS25             |       | 12       | SLOW |              |          |          |
| fx2Addr_out[0]                     | IOB              | OUTPUT    | LVCMOS25             |       | 12       | SLOW |              |          |          |
| fx2Addr_out[1]                     | IOB              | OUTPUT    | LVTTL                |       | 12       | SLOW |              |          |          |
| fx2Clk_in                          | IOB              | INPUT     | LVTTL                |       |          |      |              |          |          |
| fx2Data_io[0]                      | IOB              | BIDIR     | LVTTL                |       | 12       | SLOW |              |          |          |
| fx2Data_io[1]                      | IOB              | BIDIR     | LVTTL                |       | 12       | SLOW |              |          |          |
| fx2Data_io[2]                      | IOB              | BIDIR     | LVTTL                |       | 12       | SLOW |              |          |          |
| fx2Data_io[3]                      | IOB              | BIDIR     | LVTTL                |       | 12       | SLOW |              |          |          |
| fx2Data_io[4]                      | IOB              | BIDIR     | LVTTL                |       | 12       | SLOW |              |          |          |
| fx2Data_io[5]                      | IOB              | BIDIR     | LVTTL                |       | 12       | SLOW |              |          |          |
| fx2Data_io[6]                      | IOB              | BIDIR     | LVTTL                |       | 12       | SLOW |              |          |          |
| fx2Data_io[7]                      | IOB              | BIDIR     | LVTTL                |       | 12       | SLOW |              |          |          |
| fx2GotData_in                      | IOB              | INPUT     | LVTTL                |       |          |      |              |          |          |
| fx2GotRoom_in                      | IOB              | INPUT     | LVTTL                |       |          |      |              |          |          |
| fx2OE_out                          | IOB              | OUTPUT    | LVCMOS25             |       | 12       | SLOW |              |          |          |
| fx2PktEnd_out                      | IOB              | OUTPUT    | LVTTL                |       | 12       | SLOW |              |          |          |
| fx2Read_out                        | IOB              | OUTPUT    | LVTTL                |       | 12       | SLOW |              |          |          |
| fx2Write_out                       | IOB              | OUTPUT    | LVTTL                |       | 12       | SLOW |              |          |          |
| led_out[0]                         | IOB              | OUTPUT    | LVCMOS25             |       | 12       | SLOW |              |          |          |
| led_out[1]                         | IOB              | OUTPUT    | LVCMOS25             |       | 12       | SLOW |              |          |          |
| led_out[2]                         | IOB              | OUTPUT    | LVCMOS25             |       | 12       | SLOW |              |          |          |
| led_out[3]                         | IOB              | OUTPUT    | LVCMOS25             |       | 12       | SLOW |              |          |          |
| led_out[4]                         | IOB              | OUTPUT    | LVCMOS25             |       | 12       | SLOW |              |          |          |
| led_out[5]                         | IOB              | OUTPUT    | LVCMOS25             |       | 12       | SLOW |              |          |          |
| led_out[6]                         | IOB              | OUTPUT    | LVCMOS25             |       | 12       | SLOW |              |          |          |
| led_out[7]                         | IOB              | OUTPUT    | LVCMOS25             |       | 12       | SLOW |              |          |          |
| spi3clk_o                          | IOB              | OUTPUT    | LVCMOS25             |       | 12       | SLOW |              |          |          |
| spi3mosi_o                         | IOB              | OUTPUT    | LVCMOS25             |       | 12       | SLOW |              |          |          |
| spi3ncs_o                          | IOB              | OUTPUT    | LVCMOS25             |       | 12       | SLOW |              |          |          |
| sseg_out[0]                        | IOB              | OUTPUT    | LVCMOS25             |       | 12       | SLOW |              |          |          |
| sseg_out[1]                        | IOB              | OUTPUT    | LVCMOS25             |       | 12       | SLOW |              |          |          |
| sseg_out[2]                        | IOB              | OUTPUT    | LVCMOS25             |       | 12       | SLOW |              |          |          |
| sseg_out[3]                        | IOB              | OUTPUT    | LVCMOS25             |       | 12       | SLOW |              |          |          |
| sseg_out[4]                        | IOB              | OUTPUT    | LVCMOS25             |       | 12       | SLOW |              |          |          |
| sseg_out[5]                        | IOB              | OUTPUT    | LVCMOS25             |       | 12       | SLOW |              |          |          |
| sseg_out[6]                        | IOB              | OUTPUT    | LVCMOS25             |       | 12       | SLOW |              |          |          |
| sseg_out[7]                        | IOB              | OUTPUT    | LVCMOS25             |       | 12       | SLOW |              |          |          |
| wr_o                               | IOB              | OUTPUT    | LVCMOS25             |       | 12       | SLOW |              |          |          |
+---------------------------------------------------------------------------------------------------------------------------------------------------------+

Section 7 - RPMs
----------------

Section 8 - Guide Report
------------------------
Guide not run on this design.

Section 9 - Area Group and Partition Summary
--------------------------------------------

Partition Implementation Status
-------------------------------

  No Partitions were found in this design.

-------------------------------

Area Group Information
----------------------

  No area groups were found in this design.

----------------------

Section 10 - Timing Report
--------------------------
A logic-level (pre-route) timing report can be generated by using Xilinx static
timing analysis tools, Timing Analyzer (GUI) or TRCE (command line), with the
mapped NCD and PCF files. Please note that this timing report will be generated
using estimated delay information. For accurate numbers, please generate a
timing report with the post Place and Route NCD file.

For more information about the Timing Analyzer, consult the Xilinx Timing
Analyzer Reference Manual; for more information about TRCE, consult the Xilinx
Command Line Tools User Guide "TRACE" chapter.

Section 11 - Configuration String Details
-----------------------------------------
Use the "-detail" map option to print out Configuration Strings

Section 12 - Control Set Information
------------------------------------
Use the "-detail" map option to print out Control Set Information.

Section 13 - Utilization by Hierarchy
-------------------------------------
Use the "-detail" map option to print out the Utilization by Hierarchy section.
