Release 14.7 Map P.20131013 (nt64)
Xilinx Mapping Report File for Design 'top_level'

Design Information
------------------
Command Line   : map -intstyle pa -w top_level.ngd 
Target Device  : xc6slx9
Target Package : tqg144
Target Speed   : -3
Mapper Version : spartan6 -- $Revision: 1.55 $
Mapped Date    : Sat Jun 06 11:54:07 2020

Design Summary
--------------
Number of errors:      0
Number of warnings:  130
Slice Logic Utilization:
  Number of Slice Registers:                 1,550 out of  11,440   13%
    Number used as Flip Flops:               1,549
    Number used as Latches:                      1
    Number used as Latch-thrus:                  0
    Number used as AND/OR logics:                0
  Number of Slice LUTs:                      2,401 out of   5,720   41%
    Number used as logic:                    1,571 out of   5,720   27%
      Number using O6 output only:           1,115
      Number using O5 output only:              73
      Number using O5 and O6:                  383
      Number used as ROM:                        0
    Number used as Memory:                     776 out of   1,440   53%
      Number used as Dual Port RAM:            768
        Number using O6 output only:           768
        Number using O5 output only:             0
        Number using O5 and O6:                  0
      Number used as Single Port RAM:            0
      Number used as Shift Register:             8
        Number using O6 output only:             8
        Number using O5 output only:             0
        Number using O5 and O6:                  0
    Number used exclusively as route-thrus:     54
      Number with same-slice register load:     51
      Number with same-slice carry load:         3
      Number with other load:                    0

Slice Logic Distribution:
  Number of occupied Slices:                   915 out of   1,430   63%
  Number of MUXCYs used:                       296 out of   2,860   10%
  Number of LUT Flip Flop pairs used:        2,852
    Number with an unused Flip Flop:         1,470 out of   2,852   51%
    Number with an unused LUT:                 451 out of   2,852   15%
    Number of fully used LUT-FF pairs:         931 out of   2,852   32%
    Number of unique control sets:             216
    Number of slice register sites lost
      to control set restrictions:             746 out of  11,440    6%

  A LUT Flip Flop pair for this architecture represents one LUT paired with
  one Flip Flop within a slice.  A control set is a unique combination of
  clock, reset, set, and enable signals for a registered element.
  The Slice Logic Distribution report is not meaningful if the design is
  over-mapped for a non-slice resource or if Placement fails.

IO Utilization:
  Number of bonded IOBs:                        84 out of     102   82%
    Number of LOCed IOBs:                       83 out of      84   98%

Specific Feature Utilization:
  Number of RAMB16BWERs:                         1 out of      32    3%
  Number of RAMB8BWERs:                          0 out of      64    0%
  Number of BUFIO2/BUFIO2_2CLKs:                 1 out of      32    3%
    Number used as BUFIO2s:                      1
    Number used as BUFIO2_2CLKs:                 0
  Number of BUFIO2FB/BUFIO2FB_2CLKs:             0 out of      32    0%
  Number of BUFG/BUFGMUXs:                       2 out of      16   12%
    Number used as BUFGs:                        2
    Number used as BUFGMUX:                      0
  Number of DCM/DCM_CLKGENs:                     1 out of       4   25%
    Number used as DCMs:                         1
    Number used as DCM_CLKGENs:                  0
  Number of ILOGIC2/ISERDES2s:                   0 out of     200    0%
  Number of IODELAY2/IODRP2/IODRP2_MCBs:         0 out of     200    0%
  Number of OLOGIC2/OSERDES2s:                   0 out of     200    0%
  Number of BSCANs:                              0 out of       4    0%
  Number of BUFHs:                               0 out of     128    0%
  Number of BUFPLLs:                             0 out of       8    0%
  Number of BUFPLL_MCBs:                         0 out of       4    0%
  Number of DSP48A1s:                            0 out of      16    0%
  Number of ICAPs:                               0 out of       1    0%
  Number of MCBs:                                0 out of       2    0%
  Number of PCILOGICSEs:                         0 out of       2    0%
  Number of PLL_ADVs:                            0 out of       2    0%
  Number of PMVs:                                0 out of       1    0%
  Number of STARTUPs:                            0 out of       1    0%
  Number of SUSPEND_SYNCs:                       0 out of       1    0%

Average Fanout of Non-Clock Nets:                4.72

Peak Memory Usage:  431 MB
Total REAL time to MAP completion:  1 mins 19 secs 
Total CPU time to MAP completion:   1 mins 17 secs 

Table of Contents
-----------------
Section 1 - Errors
Section 2 - Warnings
Section 3 - Informational
Section 4 - Removed Logic Summary
Section 5 - Removed Logic
Section 6 - IOB Properties
Section 7 - RPMs
Section 8 - Guide Report
Section 9 - Area Group and Partition Summary
Section 10 - Timing Report
Section 11 - Configuration String Information
Section 12 - Control Set Information
Section 13 - Utilization by Hierarchy

Section 1 - Errors
------------------

Section 2 - Warnings
--------------------
WARNING:Timing:3402 - The Clock Modifying COMP, controller_inst/modulator_top_inst/clock_gen_200/dcm_sp_inst, has the attribute CLK_FEEDBACK
   set to NONE.  No phase relationship exists between the input and output clocks of this Clock Modifying COMP. Data paths between these
   clock domains must be constrained using FROM/TO constraints.
WARNING:PhysDesignRules:372 - Gated clock. Clock net controller_inst/RST is
   sourced by a combinatorial pin. This is not good design practice. Use the CE
   pin to control the loading of data into the flip-flop.
WARNING:PhysDesignRules:367 - The signal
   <controller_inst/modulator_top_inst/fifo_errors_inst/U0/xst_fifo_generator/gc
   onvfifo.rf/grf.rf/gntv_or_sync_fifo.mem/gdm.dm/Mram_RAM15_RAMD_O> is
   incomplete. The signal does not drive any load pins in the design.
WARNING:PhysDesignRules:367 - The signal
   <controller_inst/modulator_top_inst/fifo_errors_inst/U0/xst_fifo_generator/gc
   onvfifo.rf/grf.rf/gntv_or_sync_fifo.mem/gdm.dm/Mram_RAM46_RAMD_O> is
   incomplete. The signal does not drive any load pins in the design.
WARNING:PhysDesignRules:367 - The signal
   <controller_inst/modulator_top_inst/fifo_errors_inst/U0/xst_fifo_generator/gc
   onvfifo.rf/grf.rf/gntv_or_sync_fifo.mem/gdm.dm/Mram_RAM48_RAMD_O> is
   incomplete. The signal does not drive any load pins in the design.
WARNING:PhysDesignRules:367 - The signal
   <controller_inst/modulator_top_inst/fifo_errors_inst/U0/xst_fifo_generator/gc
   onvfifo.rf/grf.rf/gntv_or_sync_fifo.mem/gdm.dm/Mram_RAM64_RAMD_O> is
   incomplete. The signal does not drive any load pins in the design.
WARNING:PhysDesignRules:367 - The signal
   <controller_inst/modulator_top_inst/fifo_errors_inst/U0/xst_fifo_generator/gc
   onvfifo.rf/grf.rf/gntv_or_sync_fifo.mem/gdm.dm/Mram_RAM63_RAMD_O> is
   incomplete. The signal does not drive any load pins in the design.
WARNING:PhysDesignRules:367 - The signal
   <controller_inst/modulator_top_inst/fifo_errors_inst/U0/xst_fifo_generator/gc
   onvfifo.rf/grf.rf/gntv_or_sync_fifo.mem/gdm.dm/Mram_RAM60_RAMD_O> is
   incomplete. The signal does not drive any load pins in the design.
WARNING:PhysDesignRules:367 - The signal
   <controller_inst/modulator_top_inst/fifo_errors_inst/U0/xst_fifo_generator/gc
   onvfifo.rf/grf.rf/gntv_or_sync_fifo.mem/gdm.dm/Mram_RAM59_RAMD_O> is
   incomplete. The signal does not drive any load pins in the design.
WARNING:PhysDesignRules:367 - The signal
   <controller_inst/modulator_top_inst/fifo_errors_inst/U0/xst_fifo_generator/gc
   onvfifo.rf/grf.rf/gntv_or_sync_fifo.mem/gdm.dm/Mram_RAM58_RAMD_O> is
   incomplete. The signal does not drive any load pins in the design.
WARNING:PhysDesignRules:367 - The signal
   <controller_inst/modulator_top_inst/fifo_errors_inst/U0/xst_fifo_generator/gc
   onvfifo.rf/grf.rf/gntv_or_sync_fifo.mem/gdm.dm/Mram_RAM57_RAMD_O> is
   incomplete. The signal does not drive any load pins in the design.
WARNING:PhysDesignRules:367 - The signal
   <controller_inst/modulator_top_inst/fifo_errors_inst/U0/xst_fifo_generator/gc
   onvfifo.rf/grf.rf/gntv_or_sync_fifo.mem/gdm.dm/Mram_RAM31_RAMD_O> is
   incomplete. The signal does not drive any load pins in the design.
WARNING:PhysDesignRules:367 - The signal
   <controller_inst/modulator_top_inst/fifo_errors_inst/U0/xst_fifo_generator/gc
   onvfifo.rf/grf.rf/gntv_or_sync_fifo.mem/gdm.dm/Mram_RAM26_RAMD_O> is
   incomplete. The signal does not drive any load pins in the design.
WARNING:PhysDesignRules:367 - The signal
   <controller_inst/modulator_top_inst/fifo_errors_inst/U0/xst_fifo_generator/gc
   onvfifo.rf/grf.rf/gntv_or_sync_fifo.mem/gdm.dm/Mram_RAM32_RAMD_O> is
   incomplete. The signal does not drive any load pins in the design.
WARNING:PhysDesignRules:367 - The signal
   <controller_inst/modulator_top_inst/fifo_ones_inst/U0/xst_fifo_generator/gcon
   vfifo.rf/grf.rf/gntv_or_sync_fifo.mem/gdm.dm/Mram_RAM8_RAMD_O> is incomplete.
   The signal does not drive any load pins in the design.
WARNING:PhysDesignRules:367 - The signal
   <controller_inst/modulator_top_inst/fifo_ones_inst/U0/xst_fifo_generator/gcon
   vfifo.rf/grf.rf/gntv_or_sync_fifo.mem/gdm.dm/Mram_RAM18_RAMD_O> is
   incomplete. The signal does not drive any load pins in the design.
WARNING:PhysDesignRules:367 - The signal
   <controller_inst/modulator_top_inst/fifo_errors_inst/U0/xst_fifo_generator/gc
   onvfifo.rf/grf.rf/gntv_or_sync_fifo.mem/gdm.dm/Mram_RAM14_RAMD_O> is
   incomplete. The signal does not drive any load pins in the design.
WARNING:PhysDesignRules:367 - The signal
   <controller_inst/modulator_top_inst/fifo_errors_inst/U0/xst_fifo_generator/gc
   onvfifo.rf/grf.rf/gntv_or_sync_fifo.mem/gdm.dm/Mram_RAM16_RAMD_O> is
   incomplete. The signal does not drive any load pins in the design.
WARNING:PhysDesignRules:367 - The signal
   <controller_inst/modulator_top_inst/fifo_errors_inst/U0/xst_fifo_generator/gc
   onvfifo.rf/grf.rf/gntv_or_sync_fifo.mem/gdm.dm/Mram_RAM47_RAMD_O> is
   incomplete. The signal does not drive any load pins in the design.
WARNING:PhysDesignRules:367 - The signal
   <controller_inst/modulator_top_inst/fifo_errors_inst/U0/xst_fifo_generator/gc
   onvfifo.rf/grf.rf/gntv_or_sync_fifo.mem/gdm.dm/Mram_RAM45_RAMD_O> is
   incomplete. The signal does not drive any load pins in the design.
WARNING:PhysDesignRules:367 - The signal
   <controller_inst/modulator_top_inst/fifo_errors_inst/U0/xst_fifo_generator/gc
   onvfifo.rf/grf.rf/gntv_or_sync_fifo.mem/gdm.dm/Mram_RAM23_RAMD_O> is
   incomplete. The signal does not drive any load pins in the design.
WARNING:PhysDesignRules:367 - The signal
   <controller_inst/modulator_top_inst/fifo_errors_inst/U0/xst_fifo_generator/gc
   onvfifo.rf/grf.rf/gntv_or_sync_fifo.mem/gdm.dm/Mram_RAM62_RAMD_O> is
   incomplete. The signal does not drive any load pins in the design.
WARNING:PhysDesignRules:367 - The signal
   <controller_inst/modulator_top_inst/fifo_errors_inst/U0/xst_fifo_generator/gc
   onvfifo.rf/grf.rf/gntv_or_sync_fifo.mem/gdm.dm/Mram_RAM61_RAMD_O> is
   incomplete. The signal does not drive any load pins in the design.
WARNING:PhysDesignRules:367 - The signal
   <controller_inst/modulator_top_inst/fifo_errors_inst/U0/xst_fifo_generator/gc
   onvfifo.rf/grf.rf/gntv_or_sync_fifo.mem/gdm.dm/Mram_RAM3_RAMD_O> is
   incomplete. The signal does not drive any load pins in the design.
WARNING:PhysDesignRules:367 - The signal
   <controller_inst/modulator_top_inst/fifo_errors_inst/U0/xst_fifo_generator/gc
   onvfifo.rf/grf.rf/gntv_or_sync_fifo.mem/gdm.dm/Mram_RAM25_RAMD_O> is
   incomplete. The signal does not drive any load pins in the design.
WARNING:PhysDesignRules:367 - The signal
   <controller_inst/modulator_top_inst/fifo_errors_inst/U0/xst_fifo_generator/gc
   onvfifo.rf/grf.rf/gntv_or_sync_fifo.mem/gdm.dm/Mram_RAM30_RAMD_O> is
   incomplete. The signal does not drive any load pins in the design.
WARNING:PhysDesignRules:367 - The signal
   <controller_inst/modulator_top_inst/fifo_errors_inst/U0/xst_fifo_generator/gc
   onvfifo.rf/grf.rf/gntv_or_sync_fifo.mem/gdm.dm/Mram_RAM29_RAMD_O> is
   incomplete. The signal does not drive any load pins in the design.
WARNING:PhysDesignRules:367 - The signal
   <controller_inst/modulator_top_inst/fifo_ones_inst/U0/xst_fifo_generator/gcon
   vfifo.rf/grf.rf/gntv_or_sync_fifo.mem/gdm.dm/Mram_RAM9_RAMD_O> is incomplete.
   The signal does not drive any load pins in the design.
WARNING:PhysDesignRules:367 - The signal
   <controller_inst/modulator_top_inst/fifo_ones_inst/U0/xst_fifo_generator/gcon
   vfifo.rf/grf.rf/gntv_or_sync_fifo.mem/gdm.dm/Mram_RAM53_RAMD_O> is
   incomplete. The signal does not drive any load pins in the design.
WARNING:PhysDesignRules:367 - The signal
   <controller_inst/modulator_top_inst/fifo_ones_inst/U0/xst_fifo_generator/gcon
   vfifo.rf/grf.rf/gntv_or_sync_fifo.mem/gdm.dm/Mram_RAM55_RAMD_O> is
   incomplete. The signal does not drive any load pins in the design.
WARNING:PhysDesignRules:367 - The signal
   <controller_inst/modulator_top_inst/fifo_ones_inst/U0/xst_fifo_generator/gcon
   vfifo.rf/grf.rf/gntv_or_sync_fifo.mem/gdm.dm/Mram_RAM56_RAMD_O> is
   incomplete. The signal does not drive any load pins in the design.
WARNING:PhysDesignRules:367 - The signal
   <controller_inst/modulator_top_inst/fifo_ones_inst/U0/xst_fifo_generator/gcon
   vfifo.rf/grf.rf/gntv_or_sync_fifo.mem/gdm.dm/Mram_RAM54_RAMD_O> is
   incomplete. The signal does not drive any load pins in the design.
WARNING:PhysDesignRules:367 - The signal
   <controller_inst/modulator_top_inst/fifo_ones_inst/U0/xst_fifo_generator/gcon
   vfifo.rf/grf.rf/gntv_or_sync_fifo.mem/gdm.dm/Mram_RAM62_RAMD_O> is
   incomplete. The signal does not drive any load pins in the design.
WARNING:PhysDesignRules:367 - The signal
   <controller_inst/modulator_top_inst/fifo_ones_inst/U0/xst_fifo_generator/gcon
   vfifo.rf/grf.rf/gntv_or_sync_fifo.mem/gdm.dm/Mram_RAM5_RAMD_O> is incomplete.
   The signal does not drive any load pins in the design.
WARNING:PhysDesignRules:367 - The signal
   <controller_inst/modulator_top_inst/fifo_ones_inst/U0/xst_fifo_generator/gcon
   vfifo.rf/grf.rf/gntv_or_sync_fifo.mem/gdm.dm/Mram_RAM6_RAMD_O> is incomplete.
   The signal does not drive any load pins in the design.
WARNING:PhysDesignRules:367 - The signal
   <controller_inst/modulator_top_inst/fifo_ones_inst/U0/xst_fifo_generator/gcon
   vfifo.rf/grf.rf/gntv_or_sync_fifo.mem/gdm.dm/Mram_RAM61_RAMD_O> is
   incomplete. The signal does not drive any load pins in the design.
WARNING:PhysDesignRules:367 - The signal
   <controller_inst/modulator_top_inst/fifo_ones_inst/U0/xst_fifo_generator/gcon
   vfifo.rf/grf.rf/gntv_or_sync_fifo.mem/gdm.dm/Mram_RAM64_RAMD_O> is
   incomplete. The signal does not drive any load pins in the design.
WARNING:PhysDesignRules:367 - The signal
   <controller_inst/modulator_top_inst/fifo_ones_inst/U0/xst_fifo_generator/gcon
   vfifo.rf/grf.rf/gntv_or_sync_fifo.mem/gdm.dm/Mram_RAM20_RAMD_O> is
   incomplete. The signal does not drive any load pins in the design.
WARNING:PhysDesignRules:367 - The signal
   <controller_inst/modulator_top_inst/fifo_ones_inst/U0/xst_fifo_generator/gcon
   vfifo.rf/grf.rf/gntv_or_sync_fifo.mem/gdm.dm/Mram_RAM17_RAMD_O> is
   incomplete. The signal does not drive any load pins in the design.
WARNING:PhysDesignRules:367 - The signal
   <controller_inst/modulator_top_inst/fifo_ones_inst/U0/xst_fifo_generator/gcon
   vfifo.rf/grf.rf/gntv_or_sync_fifo.mem/gdm.dm/Mram_RAM50_RAMD_O> is
   incomplete. The signal does not drive any load pins in the design.
WARNING:PhysDesignRules:367 - The signal
   <controller_inst/modulator_top_inst/fifo_ones_inst/U0/xst_fifo_generator/gcon
   vfifo.rf/grf.rf/gntv_or_sync_fifo.mem/gdm.dm/Mram_RAM49_RAMD_O> is
   incomplete. The signal does not drive any load pins in the design.
WARNING:PhysDesignRules:367 - The signal
   <controller_inst/modulator_top_inst/fifo_ones_inst/U0/xst_fifo_generator/gcon
   vfifo.rf/grf.rf/gntv_or_sync_fifo.mem/gdm.dm/Mram_RAM52_RAMD_O> is
   incomplete. The signal does not drive any load pins in the design.
WARNING:PhysDesignRules:367 - The signal
   <controller_inst/modulator_top_inst/fifo_ones_inst/U0/xst_fifo_generator/gcon
   vfifo.rf/grf.rf/gntv_or_sync_fifo.mem/gdm.dm/Mram_RAM51_RAMD_O> is
   incomplete. The signal does not drive any load pins in the design.
WARNING:PhysDesignRules:367 - The signal
   <controller_inst/modulator_top_inst/fifo_ones_inst/U0/xst_fifo_generator/gcon
   vfifo.rf/grf.rf/gntv_or_sync_fifo.mem/gdm.dm/Mram_RAM35_RAMD_O> is
   incomplete. The signal does not drive any load pins in the design.
WARNING:PhysDesignRules:367 - The signal
   <controller_inst/modulator_top_inst/fifo_errors_inst/U0/xst_fifo_generator/gc
   onvfifo.rf/grf.rf/gntv_or_sync_fifo.mem/gdm.dm/Mram_RAM43_RAMD_O> is
   incomplete. The signal does not drive any load pins in the design.
WARNING:PhysDesignRules:367 - The signal
   <controller_inst/modulator_top_inst/fifo_errors_inst/U0/xst_fifo_generator/gc
   onvfifo.rf/grf.rf/gntv_or_sync_fifo.mem/gdm.dm/Mram_RAM41_RAMD_O> is
   incomplete. The signal does not drive any load pins in the design.
WARNING:PhysDesignRules:367 - The signal
   <controller_inst/modulator_top_inst/fifo_errors_inst/U0/xst_fifo_generator/gc
   onvfifo.rf/grf.rf/gntv_or_sync_fifo.mem/gdm.dm/Mram_RAM13_RAMD_O> is
   incomplete. The signal does not drive any load pins in the design.
WARNING:PhysDesignRules:367 - The signal
   <controller_inst/modulator_top_inst/fifo_errors_inst/U0/xst_fifo_generator/gc
   onvfifo.rf/grf.rf/gntv_or_sync_fifo.mem/gdm.dm/Mram_RAM9_RAMD_O> is
   incomplete. The signal does not drive any load pins in the design.
WARNING:PhysDesignRules:367 - The signal
   <controller_inst/modulator_top_inst/fifo_errors_inst/U0/xst_fifo_generator/gc
   onvfifo.rf/grf.rf/gntv_or_sync_fifo.mem/gdm.dm/Mram_RAM12_RAMD_O> is
   incomplete. The signal does not drive any load pins in the design.
WARNING:PhysDesignRules:367 - The signal
   <controller_inst/modulator_top_inst/fifo_errors_inst/U0/xst_fifo_generator/gc
   onvfifo.rf/grf.rf/gntv_or_sync_fifo.mem/gdm.dm/Mram_RAM10_RAMD_O> is
   incomplete. The signal does not drive any load pins in the design.
WARNING:PhysDesignRules:367 - The signal
   <controller_inst/modulator_top_inst/fifo_errors_inst/U0/xst_fifo_generator/gc
   onvfifo.rf/grf.rf/gntv_or_sync_fifo.mem/gdm.dm/Mram_RAM11_RAMD_O> is
   incomplete. The signal does not drive any load pins in the design.
WARNING:PhysDesignRules:367 - The signal
   <controller_inst/modulator_top_inst/fifo_errors_inst/U0/xst_fifo_generator/gc
   onvfifo.rf/grf.rf/gntv_or_sync_fifo.mem/gdm.dm/Mram_RAM24_RAMD_O> is
   incomplete. The signal does not drive any load pins in the design.
WARNING:PhysDesignRules:367 - The signal
   <controller_inst/modulator_top_inst/fifo_errors_inst/U0/xst_fifo_generator/gc
   onvfifo.rf/grf.rf/gntv_or_sync_fifo.mem/gdm.dm/Mram_RAM21_RAMD_O> is
   incomplete. The signal does not drive any load pins in the design.
WARNING:PhysDesignRules:367 - The signal
   <controller_inst/modulator_top_inst/fifo_errors_inst/U0/xst_fifo_generator/gc
   onvfifo.rf/grf.rf/gntv_or_sync_fifo.mem/gdm.dm/Mram_RAM22_RAMD_O> is
   incomplete. The signal does not drive any load pins in the design.
WARNING:PhysDesignRules:367 - The signal
   <controller_inst/modulator_top_inst/fifo_errors_inst/U0/xst_fifo_generator/gc
   onvfifo.rf/grf.rf/gntv_or_sync_fifo.mem/gdm.dm/Mram_RAM51_RAMD_O> is
   incomplete. The signal does not drive any load pins in the design.
WARNING:PhysDesignRules:367 - The signal
   <controller_inst/modulator_top_inst/fifo_errors_inst/U0/xst_fifo_generator/gc
   onvfifo.rf/grf.rf/gntv_or_sync_fifo.mem/gdm.dm/Mram_RAM28_RAMD_O> is
   incomplete. The signal does not drive any load pins in the design.
WARNING:PhysDesignRules:367 - The signal
   <controller_inst/modulator_top_inst/fifo_errors_inst/U0/xst_fifo_generator/gc
   onvfifo.rf/grf.rf/gntv_or_sync_fifo.mem/gdm.dm/Mram_RAM27_RAMD_O> is
   incomplete. The signal does not drive any load pins in the design.
WARNING:PhysDesignRules:367 - The signal
   <controller_inst/modulator_top_inst/fifo_errors_inst/U0/xst_fifo_generator/gc
   onvfifo.rf/grf.rf/gntv_or_sync_fifo.mem/gdm.dm/Mram_RAM17_RAMD_O> is
   incomplete. The signal does not drive any load pins in the design.
WARNING:PhysDesignRules:367 - The signal
   <controller_inst/modulator_top_inst/fifo_errors_inst/U0/xst_fifo_generator/gc
   onvfifo.rf/grf.rf/gntv_or_sync_fifo.mem/gdm.dm/Mram_RAM19_RAMD_O> is
   incomplete. The signal does not drive any load pins in the design.
WARNING:PhysDesignRules:367 - The signal
   <controller_inst/modulator_top_inst/fifo_ones_inst/U0/xst_fifo_generator/gcon
   vfifo.rf/grf.rf/gntv_or_sync_fifo.mem/gdm.dm/Mram_RAM7_RAMD_O> is incomplete.
   The signal does not drive any load pins in the design.
WARNING:PhysDesignRules:367 - The signal
   <controller_inst/modulator_top_inst/fifo_ones_inst/U0/xst_fifo_generator/gcon
   vfifo.rf/grf.rf/gntv_or_sync_fifo.mem/gdm.dm/Mram_RAM63_RAMD_O> is
   incomplete. The signal does not drive any load pins in the design.
WARNING:PhysDesignRules:367 - The signal
   <controller_inst/modulator_top_inst/fifo_ones_inst/U0/xst_fifo_generator/gcon
   vfifo.rf/grf.rf/gntv_or_sync_fifo.mem/gdm.dm/Mram_RAM59_RAMD_O> is
   incomplete. The signal does not drive any load pins in the design.
WARNING:PhysDesignRules:367 - The signal
   <controller_inst/modulator_top_inst/fifo_ones_inst/U0/xst_fifo_generator/gcon
   vfifo.rf/grf.rf/gntv_or_sync_fifo.mem/gdm.dm/Mram_RAM57_RAMD_O> is
   incomplete. The signal does not drive any load pins in the design.
WARNING:PhysDesignRules:367 - The signal
   <controller_inst/modulator_top_inst/fifo_ones_inst/U0/xst_fifo_generator/gcon
   vfifo.rf/grf.rf/gntv_or_sync_fifo.mem/gdm.dm/Mram_RAM36_RAMD_O> is
   incomplete. The signal does not drive any load pins in the design.
WARNING:PhysDesignRules:367 - The signal
   <controller_inst/modulator_top_inst/fifo_ones_inst/U0/xst_fifo_generator/gcon
   vfifo.rf/grf.rf/gntv_or_sync_fifo.mem/gdm.dm/Mram_RAM19_RAMD_O> is
   incomplete. The signal does not drive any load pins in the design.
WARNING:PhysDesignRules:367 - The signal
   <controller_inst/modulator_top_inst/fifo_ones_inst/U0/xst_fifo_generator/gcon
   vfifo.rf/grf.rf/gntv_or_sync_fifo.mem/gdm.dm/Mram_RAM3_RAMD_O> is incomplete.
   The signal does not drive any load pins in the design.
WARNING:PhysDesignRules:367 - The signal
   <controller_inst/modulator_top_inst/fifo_ones_inst/U0/xst_fifo_generator/gcon
   vfifo.rf/grf.rf/gntv_or_sync_fifo.mem/gdm.dm/Mram_RAM2_RAMD_O> is incomplete.
   The signal does not drive any load pins in the design.
WARNING:PhysDesignRules:367 - The signal
   <controller_inst/modulator_top_inst/fifo_ones_inst/U0/xst_fifo_generator/gcon
   vfifo.rf/grf.rf/gntv_or_sync_fifo.mem/gdm.dm/Mram_RAM34_RAMD_O> is
   incomplete. The signal does not drive any load pins in the design.
WARNING:PhysDesignRules:367 - The signal
   <controller_inst/modulator_top_inst/fifo_errors_inst/U0/xst_fifo_generator/gc
   onvfifo.rf/grf.rf/gntv_or_sync_fifo.mem/gdm.dm/Mram_RAM44_RAMD_O> is
   incomplete. The signal does not drive any load pins in the design.
WARNING:PhysDesignRules:367 - The signal
   <controller_inst/modulator_top_inst/fifo_errors_inst/U0/xst_fifo_generator/gc
   onvfifo.rf/grf.rf/gntv_or_sync_fifo.mem/gdm.dm/Mram_RAM42_RAMD_O> is
   incomplete. The signal does not drive any load pins in the design.
WARNING:PhysDesignRules:367 - The signal
   <controller_inst/modulator_top_inst/fifo_errors_inst/U0/xst_fifo_generator/gc
   onvfifo.rf/grf.rf/gntv_or_sync_fifo.mem/gdm.dm/Mram_RAM38_RAMD_O> is
   incomplete. The signal does not drive any load pins in the design.
WARNING:PhysDesignRules:367 - The signal
   <controller_inst/modulator_top_inst/fifo_errors_inst/U0/xst_fifo_generator/gc
   onvfifo.rf/grf.rf/gntv_or_sync_fifo.mem/gdm.dm/Mram_RAM8_RAMD_O> is
   incomplete. The signal does not drive any load pins in the design.
WARNING:PhysDesignRules:367 - The signal
   <controller_inst/modulator_top_inst/fifo_errors_inst/U0/xst_fifo_generator/gc
   onvfifo.rf/grf.rf/gntv_or_sync_fifo.mem/gdm.dm/Mram_RAM56_RAMD_O> is
   incomplete. The signal does not drive any load pins in the design.
WARNING:PhysDesignRules:367 - The signal
   <controller_inst/modulator_top_inst/fifo_errors_inst/U0/xst_fifo_generator/gc
   onvfifo.rf/grf.rf/gntv_or_sync_fifo.mem/gdm.dm/Mram_RAM55_RAMD_O> is
   incomplete. The signal does not drive any load pins in the design.
WARNING:PhysDesignRules:367 - The signal
   <controller_inst/modulator_top_inst/fifo_errors_inst/U0/xst_fifo_generator/gc
   onvfifo.rf/grf.rf/gntv_or_sync_fifo.mem/gdm.dm/Mram_RAM50_RAMD_O> is
   incomplete. The signal does not drive any load pins in the design.
WARNING:PhysDesignRules:367 - The signal
   <controller_inst/modulator_top_inst/fifo_errors_inst/U0/xst_fifo_generator/gc
   onvfifo.rf/grf.rf/gntv_or_sync_fifo.mem/gdm.dm/Mram_RAM34_RAMD_O> is
   incomplete. The signal does not drive any load pins in the design.
WARNING:PhysDesignRules:367 - The signal
   <controller_inst/modulator_top_inst/fifo_errors_inst/U0/xst_fifo_generator/gc
   onvfifo.rf/grf.rf/gntv_or_sync_fifo.mem/gdm.dm/Mram_RAM49_RAMD_O> is
   incomplete. The signal does not drive any load pins in the design.
WARNING:PhysDesignRules:367 - The signal
   <controller_inst/modulator_top_inst/fifo_errors_inst/U0/xst_fifo_generator/gc
   onvfifo.rf/grf.rf/gntv_or_sync_fifo.mem/gdm.dm/Mram_RAM2_RAMD_O> is
   incomplete. The signal does not drive any load pins in the design.
WARNING:PhysDesignRules:367 - The signal
   <controller_inst/modulator_top_inst/fifo_errors_inst/U0/xst_fifo_generator/gc
   onvfifo.rf/grf.rf/gntv_or_sync_fifo.mem/gdm.dm/Mram_RAM18_RAMD_O> is
   incomplete. The signal does not drive any load pins in the design.
WARNING:PhysDesignRules:367 - The signal
   <controller_inst/modulator_top_inst/fifo_ones_inst/U0/xst_fifo_generator/gcon
   vfifo.rf/grf.rf/gntv_or_sync_fifo.mem/gdm.dm/Mram_RAM12_RAMD_O> is
   incomplete. The signal does not drive any load pins in the design.
WARNING:PhysDesignRules:367 - The signal
   <controller_inst/modulator_top_inst/fifo_ones_inst/U0/xst_fifo_generator/gcon
   vfifo.rf/grf.rf/gntv_or_sync_fifo.mem/gdm.dm/Mram_RAM10_RAMD_O> is
   incomplete. The signal does not drive any load pins in the design.
WARNING:PhysDesignRules:367 - The signal
   <controller_inst/modulator_top_inst/fifo_ones_inst/U0/xst_fifo_generator/gcon
   vfifo.rf/grf.rf/gntv_or_sync_fifo.mem/gdm.dm/Mram_RAM11_RAMD_O> is
   incomplete. The signal does not drive any load pins in the design.
WARNING:PhysDesignRules:367 - The signal
   <controller_inst/modulator_top_inst/fifo_ones_inst/U0/xst_fifo_generator/gcon
   vfifo.rf/grf.rf/gntv_or_sync_fifo.mem/gdm.dm/Mram_RAM47_RAMD_O> is
   incomplete. The signal does not drive any load pins in the design.
WARNING:PhysDesignRules:367 - The signal
   <controller_inst/modulator_top_inst/fifo_ones_inst/U0/xst_fifo_generator/gcon
   vfifo.rf/grf.rf/gntv_or_sync_fifo.mem/gdm.dm/Mram_RAM42_RAMD_O> is
   incomplete. The signal does not drive any load pins in the design.
WARNING:PhysDesignRules:367 - The signal
   <controller_inst/modulator_top_inst/fifo_ones_inst/U0/xst_fifo_generator/gcon
   vfifo.rf/grf.rf/gntv_or_sync_fifo.mem/gdm.dm/Mram_RAM44_RAMD_O> is
   incomplete. The signal does not drive any load pins in the design.
WARNING:PhysDesignRules:367 - The signal
   <controller_inst/modulator_top_inst/fifo_ones_inst/U0/xst_fifo_generator/gcon
   vfifo.rf/grf.rf/gntv_or_sync_fifo.mem/gdm.dm/Mram_RAM41_RAMD_O> is
   incomplete. The signal does not drive any load pins in the design.
WARNING:PhysDesignRules:367 - The signal
   <controller_inst/modulator_top_inst/fifo_ones_inst/U0/xst_fifo_generator/gcon
   vfifo.rf/grf.rf/gntv_or_sync_fifo.mem/gdm.dm/Mram_RAM43_RAMD_O> is
   incomplete. The signal does not drive any load pins in the design.
WARNING:PhysDesignRules:367 - The signal
   <controller_inst/modulator_top_inst/fifo_ones_inst/U0/xst_fifo_generator/gcon
   vfifo.rf/grf.rf/gntv_or_sync_fifo.mem/gdm.dm/Mram_RAM58_RAMD_O> is
   incomplete. The signal does not drive any load pins in the design.
WARNING:PhysDesignRules:367 - The signal
   <controller_inst/modulator_top_inst/fifo_ones_inst/U0/xst_fifo_generator/gcon
   vfifo.rf/grf.rf/gntv_or_sync_fifo.mem/gdm.dm/Mram_RAM4_RAMD_O> is incomplete.
   The signal does not drive any load pins in the design.
WARNING:PhysDesignRules:367 - The signal
   <controller_inst/modulator_top_inst/fifo_ones_inst/U0/xst_fifo_generator/gcon
   vfifo.rf/grf.rf/gntv_or_sync_fifo.mem/gdm.dm/Mram_RAM60_RAMD_O> is
   incomplete. The signal does not drive any load pins in the design.
WARNING:PhysDesignRules:367 - The signal
   <controller_inst/modulator_top_inst/fifo_ones_inst/U0/xst_fifo_generator/gcon
   vfifo.rf/grf.rf/gntv_or_sync_fifo.mem/gdm.dm/Mram_RAM40_RAMD_O> is
   incomplete. The signal does not drive any load pins in the design.
WARNING:PhysDesignRules:367 - The signal
   <controller_inst/modulator_top_inst/fifo_ones_inst/U0/xst_fifo_generator/gcon
   vfifo.rf/grf.rf/gntv_or_sync_fifo.mem/gdm.dm/Mram_RAM33_RAMD_O> is
   incomplete. The signal does not drive any load pins in the design.
WARNING:PhysDesignRules:367 - The signal
   <controller_inst/modulator_top_inst/fifo_ones_inst/U0/xst_fifo_generator/gcon
   vfifo.rf/grf.rf/gntv_or_sync_fifo.mem/gdm.dm/Mram_RAM1_RAMD_O> is incomplete.
   The signal does not drive any load pins in the design.
WARNING:PhysDesignRules:367 - The signal
   <controller_inst/modulator_top_inst/fifo_errors_inst/U0/xst_fifo_generator/gc
   onvfifo.rf/grf.rf/gntv_or_sync_fifo.mem/gdm.dm/Mram_RAM37_RAMD_O> is
   incomplete. The signal does not drive any load pins in the design.
WARNING:PhysDesignRules:367 - The signal
   <controller_inst/modulator_top_inst/fifo_errors_inst/U0/xst_fifo_generator/gc
   onvfifo.rf/grf.rf/gntv_or_sync_fifo.mem/gdm.dm/Mram_RAM7_RAMD_O> is
   incomplete. The signal does not drive any load pins in the design.
WARNING:PhysDesignRules:367 - The signal
   <controller_inst/modulator_top_inst/fifo_errors_inst/U0/xst_fifo_generator/gc
   onvfifo.rf/grf.rf/gntv_or_sync_fifo.mem/gdm.dm/Mram_RAM6_RAMD_O> is
   incomplete. The signal does not drive any load pins in the design.
WARNING:PhysDesignRules:367 - The signal
   <controller_inst/modulator_top_inst/fifo_errors_inst/U0/xst_fifo_generator/gc
   onvfifo.rf/grf.rf/gntv_or_sync_fifo.mem/gdm.dm/Mram_RAM54_RAMD_O> is
   incomplete. The signal does not drive any load pins in the design.
WARNING:PhysDesignRules:367 - The signal
   <controller_inst/modulator_top_inst/fifo_errors_inst/U0/xst_fifo_generator/gc
   onvfifo.rf/grf.rf/gntv_or_sync_fifo.mem/gdm.dm/Mram_RAM52_RAMD_O> is
   incomplete. The signal does not drive any load pins in the design.
WARNING:PhysDesignRules:367 - The signal
   <controller_inst/modulator_top_inst/fifo_errors_inst/U0/xst_fifo_generator/gc
   onvfifo.rf/grf.rf/gntv_or_sync_fifo.mem/gdm.dm/Mram_RAM20_RAMD_O> is
   incomplete. The signal does not drive any load pins in the design.
WARNING:PhysDesignRules:367 - The signal
   <controller_inst/modulator_top_inst/fifo_errors_inst/U0/xst_fifo_generator/gc
   onvfifo.rf/grf.rf/gntv_or_sync_fifo.mem/gdm.dm/Mram_RAM1_RAMD_O> is
   incomplete. The signal does not drive any load pins in the design.
WARNING:PhysDesignRules:367 - The signal
   <controller_inst/modulator_top_inst/fifo_ones_inst/U0/xst_fifo_generator/gcon
   vfifo.rf/grf.rf/gntv_or_sync_fifo.mem/gdm.dm/Mram_RAM45_RAMD_O> is
   incomplete. The signal does not drive any load pins in the design.
WARNING:PhysDesignRules:367 - The signal
   <controller_inst/modulator_top_inst/fifo_ones_inst/U0/xst_fifo_generator/gcon
   vfifo.rf/grf.rf/gntv_or_sync_fifo.mem/gdm.dm/Mram_RAM48_RAMD_O> is
   incomplete. The signal does not drive any load pins in the design.
WARNING:PhysDesignRules:367 - The signal
   <controller_inst/modulator_top_inst/fifo_ones_inst/U0/xst_fifo_generator/gcon
   vfifo.rf/grf.rf/gntv_or_sync_fifo.mem/gdm.dm/Mram_RAM22_RAMD_O> is
   incomplete. The signal does not drive any load pins in the design.
WARNING:PhysDesignRules:367 - The signal
   <controller_inst/modulator_top_inst/fifo_ones_inst/U0/xst_fifo_generator/gcon
   vfifo.rf/grf.rf/gntv_or_sync_fifo.mem/gdm.dm/Mram_RAM32_RAMD_O> is
   incomplete. The signal does not drive any load pins in the design.
WARNING:PhysDesignRules:367 - The signal
   <controller_inst/modulator_top_inst/fifo_ones_inst/U0/xst_fifo_generator/gcon
   vfifo.rf/grf.rf/gntv_or_sync_fifo.mem/gdm.dm/Mram_RAM39_RAMD_O> is
   incomplete. The signal does not drive any load pins in the design.
WARNING:PhysDesignRules:367 - The signal
   <controller_inst/modulator_top_inst/fifo_ones_inst/U0/xst_fifo_generator/gcon
   vfifo.rf/grf.rf/gntv_or_sync_fifo.mem/gdm.dm/Mram_RAM38_RAMD_O> is
   incomplete. The signal does not drive any load pins in the design.
WARNING:PhysDesignRules:367 - The signal
   <controller_inst/modulator_top_inst/fifo_errors_inst/U0/xst_fifo_generator/gc
   onvfifo.rf/grf.rf/gntv_or_sync_fifo.mem/gdm.dm/Mram_RAM40_RAMD_O> is
   incomplete. The signal does not drive any load pins in the design.
WARNING:PhysDesignRules:367 - The signal
   <controller_inst/modulator_top_inst/fifo_errors_inst/U0/xst_fifo_generator/gc
   onvfifo.rf/grf.rf/gntv_or_sync_fifo.mem/gdm.dm/Mram_RAM5_RAMD_O> is
   incomplete. The signal does not drive any load pins in the design.
WARNING:PhysDesignRules:367 - The signal
   <controller_inst/modulator_top_inst/fifo_errors_inst/U0/xst_fifo_generator/gc
   onvfifo.rf/grf.rf/gntv_or_sync_fifo.mem/gdm.dm/Mram_RAM39_RAMD_O> is
   incomplete. The signal does not drive any load pins in the design.
WARNING:PhysDesignRules:367 - The signal
   <controller_inst/modulator_top_inst/fifo_errors_inst/U0/xst_fifo_generator/gc
   onvfifo.rf/grf.rf/gntv_or_sync_fifo.mem/gdm.dm/Mram_RAM53_RAMD_O> is
   incomplete. The signal does not drive any load pins in the design.
WARNING:PhysDesignRules:367 - The signal
   <controller_inst/modulator_top_inst/fifo_errors_inst/U0/xst_fifo_generator/gc
   onvfifo.rf/grf.rf/gntv_or_sync_fifo.mem/gdm.dm/Mram_RAM35_RAMD_O> is
   incomplete. The signal does not drive any load pins in the design.
WARNING:PhysDesignRules:367 - The signal
   <controller_inst/modulator_top_inst/fifo_errors_inst/U0/xst_fifo_generator/gc
   onvfifo.rf/grf.rf/gntv_or_sync_fifo.mem/gdm.dm/Mram_RAM33_RAMD_O> is
   incomplete. The signal does not drive any load pins in the design.
WARNING:PhysDesignRules:367 - The signal
   <controller_inst/modulator_top_inst/fifo_errors_inst/U0/xst_fifo_generator/gc
   onvfifo.rf/grf.rf/gntv_or_sync_fifo.mem/gdm.dm/Mram_RAM36_RAMD_O> is
   incomplete. The signal does not drive any load pins in the design.
WARNING:PhysDesignRules:367 - The signal
   <controller_inst/modulator_top_inst/fifo_errors_inst/U0/xst_fifo_generator/gc
   onvfifo.rf/grf.rf/gntv_or_sync_fifo.mem/gdm.dm/Mram_RAM4_RAMD_O> is
   incomplete. The signal does not drive any load pins in the design.
WARNING:PhysDesignRules:367 - The signal
   <controller_inst/modulator_top_inst/fifo_ones_inst/U0/xst_fifo_generator/gcon
   vfifo.rf/grf.rf/gntv_or_sync_fifo.mem/gdm.dm/Mram_RAM16_RAMD_O> is
   incomplete. The signal does not drive any load pins in the design.
WARNING:PhysDesignRules:367 - The signal
   <controller_inst/modulator_top_inst/fifo_ones_inst/U0/xst_fifo_generator/gcon
   vfifo.rf/grf.rf/gntv_or_sync_fifo.mem/gdm.dm/Mram_RAM14_RAMD_O> is
   incomplete. The signal does not drive any load pins in the design.
WARNING:PhysDesignRules:367 - The signal
   <controller_inst/modulator_top_inst/fifo_ones_inst/U0/xst_fifo_generator/gcon
   vfifo.rf/grf.rf/gntv_or_sync_fifo.mem/gdm.dm/Mram_RAM15_RAMD_O> is
   incomplete. The signal does not drive any load pins in the design.
WARNING:PhysDesignRules:367 - The signal
   <controller_inst/modulator_top_inst/fifo_ones_inst/U0/xst_fifo_generator/gcon
   vfifo.rf/grf.rf/gntv_or_sync_fifo.mem/gdm.dm/Mram_RAM13_RAMD_O> is
   incomplete. The signal does not drive any load pins in the design.
WARNING:PhysDesignRules:367 - The signal
   <controller_inst/modulator_top_inst/fifo_ones_inst/U0/xst_fifo_generator/gcon
   vfifo.rf/grf.rf/gntv_or_sync_fifo.mem/gdm.dm/Mram_RAM46_RAMD_O> is
   incomplete. The signal does not drive any load pins in the design.
WARNING:PhysDesignRules:367 - The signal
   <controller_inst/modulator_top_inst/fifo_ones_inst/U0/xst_fifo_generator/gcon
   vfifo.rf/grf.rf/gntv_or_sync_fifo.mem/gdm.dm/Mram_RAM21_RAMD_O> is
   incomplete. The signal does not drive any load pins in the design.
WARNING:PhysDesignRules:367 - The signal
   <controller_inst/modulator_top_inst/fifo_ones_inst/U0/xst_fifo_generator/gcon
   vfifo.rf/grf.rf/gntv_or_sync_fifo.mem/gdm.dm/Mram_RAM24_RAMD_O> is
   incomplete. The signal does not drive any load pins in the design.
WARNING:PhysDesignRules:367 - The signal
   <controller_inst/modulator_top_inst/fifo_ones_inst/U0/xst_fifo_generator/gcon
   vfifo.rf/grf.rf/gntv_or_sync_fifo.mem/gdm.dm/Mram_RAM23_RAMD_O> is
   incomplete. The signal does not drive any load pins in the design.
WARNING:PhysDesignRules:367 - The signal
   <controller_inst/modulator_top_inst/fifo_ones_inst/U0/xst_fifo_generator/gcon
   vfifo.rf/grf.rf/gntv_or_sync_fifo.mem/gdm.dm/Mram_RAM29_RAMD_O> is
   incomplete. The signal does not drive any load pins in the design.
WARNING:PhysDesignRules:367 - The signal
   <controller_inst/modulator_top_inst/fifo_ones_inst/U0/xst_fifo_generator/gcon
   vfifo.rf/grf.rf/gntv_or_sync_fifo.mem/gdm.dm/Mram_RAM30_RAMD_O> is
   incomplete. The signal does not drive any load pins in the design.
WARNING:PhysDesignRules:367 - The signal
   <controller_inst/modulator_top_inst/fifo_ones_inst/U0/xst_fifo_generator/gcon
   vfifo.rf/grf.rf/gntv_or_sync_fifo.mem/gdm.dm/Mram_RAM31_RAMD_O> is
   incomplete. The signal does not drive any load pins in the design.
WARNING:PhysDesignRules:367 - The signal
   <controller_inst/modulator_top_inst/fifo_ones_inst/U0/xst_fifo_generator/gcon
   vfifo.rf/grf.rf/gntv_or_sync_fifo.mem/gdm.dm/Mram_RAM28_RAMD_O> is
   incomplete. The signal does not drive any load pins in the design.
WARNING:PhysDesignRules:367 - The signal
   <controller_inst/modulator_top_inst/fifo_ones_inst/U0/xst_fifo_generator/gcon
   vfifo.rf/grf.rf/gntv_or_sync_fifo.mem/gdm.dm/Mram_RAM26_RAMD_O> is
   incomplete. The signal does not drive any load pins in the design.
WARNING:PhysDesignRules:367 - The signal
   <controller_inst/modulator_top_inst/fifo_ones_inst/U0/xst_fifo_generator/gcon
   vfifo.rf/grf.rf/gntv_or_sync_fifo.mem/gdm.dm/Mram_RAM25_RAMD_O> is
   incomplete. The signal does not drive any load pins in the design.
WARNING:PhysDesignRules:367 - The signal
   <controller_inst/modulator_top_inst/fifo_ones_inst/U0/xst_fifo_generator/gcon
   vfifo.rf/grf.rf/gntv_or_sync_fifo.mem/gdm.dm/Mram_RAM27_RAMD_O> is
   incomplete. The signal does not drive any load pins in the design.
WARNING:PhysDesignRules:367 - The signal
   <controller_inst/modulator_top_inst/fifo_ones_inst/U0/xst_fifo_generator/gcon
   vfifo.rf/grf.rf/gntv_or_sync_fifo.mem/gdm.dm/Mram_RAM37_RAMD_O> is
   incomplete. The signal does not drive any load pins in the design.

Section 3 - Informational
-------------------------
INFO:LIT:243 - Logical network
   controller_inst/modulator_top_inst/fifo_errors_inst/U0/xst_fifo_generator/gco
   nvfifo.rf/grf.rf/gntv_or_sync_fifo.gl0.wr/gwas.wsts/ram_full_i has no load.
INFO:LIT:395 - The above info message is repeated 133 more times for the
   following (max. 5 shown):
   controller_inst/modulator_top_inst/fifo_errors_inst/U0/xst_fifo_generator/gco
   nvfifo.rf/grf.rf/gntv_or_sync_fifo.gl0.rd/gras.rsts/ram_empty_i,
   controller_inst/modulator_top_inst/fifo_errors_inst/U0/xst_fifo_generator/gco
   nvfifo.rf/grf.rf/gntv_or_sync_fifo.mem/gdm.dm/Mram_RAM701/SPO,
   controller_inst/modulator_top_inst/fifo_errors_inst/U0/xst_fifo_generator/gco
   nvfifo.rf/grf.rf/gntv_or_sync_fifo.mem/gdm.dm/Mram_RAM651/SPO,
   controller_inst/modulator_top_inst/fifo_errors_inst/U0/xst_fifo_generator/gco
   nvfifo.rf/grf.rf/gntv_or_sync_fifo.mem/gdm.dm/Mram_RAM702/SPO,
   controller_inst/modulator_top_inst/fifo_errors_inst/U0/xst_fifo_generator/gco
   nvfifo.rf/grf.rf/gntv_or_sync_fifo.mem/gdm.dm/Mram_RAM652/SPO
   To see the details of these info messages, please use the -detail switch.
INFO:MapLib:562 - No environment variables are currently set.
INFO:LIT:244 - All of the single ended outputs in this design are using slew
   rate limited output drivers. The delay on speed critical single ended outputs
   can be dramatically reduced by designating them as fast outputs.
INFO:Pack:1716 - Initializing temperature to 85.000 Celsius. (default - Range:
   0.000 to 85.000 Celsius)
INFO:Pack:1720 - Initializing voltage to 1.140 Volts. (default - Range: 1.140 to
   1.260 Volts)
INFO:Map:215 - The Interim Design Summary has been generated in the MAP Report
   (.mrp).
INFO:Place:834 - Only a subset of IOs are locked. Out of 84 IOs, 83 are locked
   and 1 are not locked. If you would like to print the names of these IOs,
   please set the environment variable XIL_PAR_DESIGN_CHECK_VERBOSE to 1. 
INFO:Pack:1650 - Map created a placed design.
INFO:PhysDesignRules:1861 - To achieve optimal frequency synthesis performance
   with the CLKFX and CLKFX180 outputs of the DCM comp
   controller_inst/modulator_top_inst/clock_gen_200/dcm_sp_inst, consult the
   device Data Sheet.

Section 4 - Removed Logic Summary
---------------------------------
   9 block(s) removed
  23 block(s) optimized away
   9 signal(s) removed

Section 5 - Removed Logic
-------------------------

The trimmed logic report below shows the logic removed from your design due to
sourceless or loadless signals, and VCC or ground connections.  If the removal
of a signal or symbol results in the subsequent removal of an additional signal
or symbol, the message explaining that second removal will be indented.  This
indentation will be repeated as a chain of related logic is removed.

To quickly locate the original cause for the removal of a chain of logic, look
above the place where that logic is listed in the trimming report, then locate
the lines that are least indented (begin at the leftmost edge).

The signal
"controller_inst/modulator_top_inst/fifo_errors_inst/U0/xst_fifo_generator/gconv
fifo.rf/grf.rf/gntv_or_sync_fifo.gl0.wr/gwas.wsts/ram_full_i" is sourceless and
has been removed.
The signal
"controller_inst/modulator_top_inst/fifo_errors_inst/U0/xst_fifo_generator/gconv
fifo.rf/grf.rf/gntv_or_sync_fifo.gl0.rd/gras.rsts/ram_empty_i" is sourceless and
has been removed.
The signal
"controller_inst/modulator_top_inst/fifo_data_inst/U0/xst_fifo_generator/gconvfi
fo.rf/grf.rf/gntv_or_sync_fifo.gl0.wr/gwas.wsts/ram_full_i" is sourceless and
has been removed.
The signal
"controller_inst/modulator_top_inst/fifo_ones_inst/U0/xst_fifo_generator/gconvfi
fo.rf/grf.rf/gntv_or_sync_fifo.gl0.wr/gwas.wsts/ram_full_i" is sourceless and
has been removed.
The signal
"controller_inst/modulator_top_inst/fifo_ones_inst/U0/xst_fifo_generator/gconvfi
fo.rf/grf.rf/gntv_or_sync_fifo.gl0.rd/gras.rsts/ram_empty_i" is sourceless and
has been removed.
The signal
"controller_inst/modulator_top_inst/fifo_ones_inst/U0/xst_fifo_generator/gconvfi
fo.rf/grf.rf/gntv_or_sync_fifo.gl0.rd/gras.grdc1.rdc/rd_dc_i[10]" is sourceless
and has been removed.
The signal
"controller_inst/modulator_top_inst/fifo_ones_inst/U0/xst_fifo_generator/gconvfi
fo.rf/grf.rf/gntv_or_sync_fifo.gl0.rd/gras.grdc1.rdc/GND_35_o_GND_35_o_sub_2_OUT
[10]" is sourceless and has been removed.
 Sourceless block
"controller_inst/modulator_top_inst/fifo_ones_inst/U0/xst_fifo_generator/gconvfi
fo.rf/grf.rf/gntv_or_sync_fifo.gl0.rd/gras.grdc1.rdc/rd_dc_i_10" (FF) removed.
The signal
"controller_inst/modulator_top_inst/fifo_ones_inst/U0/xst_fifo_generator/gconvfi
fo.rf/grf.rf/gntv_or_sync_fifo.gl0.rd/gras.grdc1.rdc/Msub_GND_35_o_GND_35_o_sub_
2_OUT<10:0>_cy[9]" is sourceless and has been removed.
 Sourceless block
"controller_inst/modulator_top_inst/fifo_ones_inst/U0/xst_fifo_generator/gconvfi
fo.rf/grf.rf/gntv_or_sync_fifo.gl0.rd/gras.grdc1.rdc/Msub_GND_35_o_GND_35_o_sub_
2_OUT<10:0>_xor<10>" (XOR) removed.
The signal
"controller_inst/modulator_top_inst/fifo_ones_inst/U0/xst_fifo_generator/gconvfi
fo.rf/grf.rf/gntv_or_sync_fifo.gl0.rd/gras.grdc1.rdc/Msub_GND_35_o_GND_35_o_sub_
2_OUT<10:0>_lut[10]" is sourceless and has been removed.
Unused block
"controller_inst/modulator_top_inst/fifo_data_inst/U0/xst_fifo_generator/gconvfi
fo.rf/grf.rf/gntv_or_sync_fifo.gl0.wr/gwas.wsts/ram_full_i" (FF) removed.
Unused block
"controller_inst/modulator_top_inst/fifo_errors_inst/U0/xst_fifo_generator/gconv
fifo.rf/grf.rf/gntv_or_sync_fifo.gl0.rd/gras.rsts/ram_empty_i" (FF) removed.
Unused block
"controller_inst/modulator_top_inst/fifo_errors_inst/U0/xst_fifo_generator/gconv
fifo.rf/grf.rf/gntv_or_sync_fifo.gl0.wr/gwas.wsts/ram_full_i" (FF) removed.
Unused block
"controller_inst/modulator_top_inst/fifo_ones_inst/U0/xst_fifo_generator/gconvfi
fo.rf/grf.rf/gntv_or_sync_fifo.gl0.rd/gras.grdc1.rdc/Msub_GND_35_o_GND_35_o_sub_
2_OUT<10:0>_cy<9>" (MUX) removed.
Unused block
"controller_inst/modulator_top_inst/fifo_ones_inst/U0/xst_fifo_generator/gconvfi
fo.rf/grf.rf/gntv_or_sync_fifo.gl0.rd/gras.grdc1.rdc/Msub_GND_35_o_GND_35_o_sub_
2_OUT<10:0>_lut<10>" (ROM) removed.
Unused block
"controller_inst/modulator_top_inst/fifo_ones_inst/U0/xst_fifo_generator/gconvfi
fo.rf/grf.rf/gntv_or_sync_fifo.gl0.rd/gras.rsts/ram_empty_i" (FF) removed.
Unused block
"controller_inst/modulator_top_inst/fifo_ones_inst/U0/xst_fifo_generator/gconvfi
fo.rf/grf.rf/gntv_or_sync_fifo.gl0.wr/gwas.wsts/ram_full_i" (FF) removed.

Optimized Block(s):
TYPE 		BLOCK
GND 		XST_GND
VCC 		XST_VCC
GND 		comm_fpga_fx2/XST_GND
VCC 		comm_fpga_fx2/XST_VCC
GND 		controller_inst/SPI2_inst/XST_GND
VCC 		controller_inst/SPI2_inst/XST_VCC
VCC 		controller_inst/SPI3_inst/XST_VCC
GND 		controller_inst/UART_inst/XST_GND
GND 		controller_inst/modulator_top_inst/XST_GND
VCC 		controller_inst/modulator_top_inst/XST_VCC
GND 		controller_inst/modulator_top_inst/clock_gen_200/XST_GND
GND
		controller_inst/modulator_top_inst/fifo_data_inst/U0/xst_fifo_generator/gconvf
ifo.rf/grf.rf/gntv_or_sync_fifo.mem/gbm.gbmg.gbmga.ngecc.bmg/gnativebmg.native_b
lk_mem_gen/valid.cstr/XST_GND
GND 		controller_inst/modulator_top_inst/fifo_data_inst/XST_GND
VCC 		controller_inst/modulator_top_inst/fifo_data_inst/XST_VCC
GND 		controller_inst/modulator_top_inst/fifo_errors_inst/XST_GND
VCC 		controller_inst/modulator_top_inst/fifo_errors_inst/XST_VCC
GND 		controller_inst/modulator_top_inst/fifo_ones_inst/XST_GND
VCC 		controller_inst/modulator_top_inst/fifo_ones_inst/XST_VCC
GND 		controller_inst/modulator_top_inst/modulator_inst/checker_inst/XST_GND
GND
		controller_inst/modulator_top_inst/modulator_inst/ppm_modulator_inst/XST_GND
VCC 		controller_inst/modulator_top_inst/modulator_inst/var_delay_inst/XST_VCC
GND 		controller_inst/regFile_inst/XST_GND
VCC 		controller_inst/regFile_inst/XST_VCC

To enable printing of redundant blocks removed and signals merged, set the
detailed map report option and rerun map.

Section 6 - IOB Properties
--------------------------

+---------------------------------------------------------------------------------------------------------------------------------------------------------+
| IOB Name                           | Type             | Direction | IO Standard          | Diff  | Drive    | Slew | Reg (s)      | Resistor | IOB      |
|                                    |                  |           |                      | Term  | Strength | Rate |              |          | Delay    |
+---------------------------------------------------------------------------------------------------------------------------------------------------------+
| calDiode_o                         | IOB              | OUTPUT    | LVTTL                |       | 12       | SLOW |              |          |          |
| clk100_i                           | IOB              | INPUT     | LVTTL                |       |          |      |              |          |          |
| comp_i[0]                          | IOB              | INPUT     | LVTTL                |       |          |      |              |          |          |
| comp_i[1]                          | IOB              | INPUT     | LVTTL                |       |          |      |              |          |          |
| f2hData_temp[0]                    | IOB              | OUTPUT    | LVTTL                |       | 12       | SLOW |              |          |          |
| f2hData_temp[1]                    | IOB              | OUTPUT    | LVTTL                |       | 12       | SLOW |              |          |          |
| f2hReady_temp                      | IOB              | OUTPUT    | LVTTL                |       | 12       | SLOW |              |          |          |
| f2hValid_temp                      | IOB              | OUTPUT    | LVTTL                |       | 12       | SLOW |              |          |          |
| fx2Addr_out[0]                     | IOB              | OUTPUT    | LVTTL                |       | 12       | SLOW |              |          |          |
| fx2Addr_out[1]                     | IOB              | OUTPUT    | LVTTL                |       | 12       | SLOW |              |          |          |
| fx2Clk_in                          | IOB              | INPUT     | LVTTL                |       |          |      |              |          |          |
| fx2Data_io[0]                      | IOB              | BIDIR     | LVTTL                |       | 12       | SLOW |              |          |          |
| fx2Data_io[1]                      | IOB              | BIDIR     | LVTTL                |       | 12       | SLOW |              |          |          |
| fx2Data_io[2]                      | IOB              | BIDIR     | LVTTL                |       | 12       | SLOW |              |          |          |
| fx2Data_io[3]                      | IOB              | BIDIR     | LVTTL                |       | 12       | SLOW |              |          |          |
| fx2Data_io[4]                      | IOB              | BIDIR     | LVTTL                |       | 12       | SLOW |              |          |          |
| fx2Data_io[5]                      | IOB              | BIDIR     | LVTTL                |       | 12       | SLOW |              |          |          |
| fx2Data_io[6]                      | IOB              | BIDIR     | LVTTL                |       | 12       | SLOW |              |          |          |
| fx2Data_io[7]                      | IOB              | BIDIR     | LVTTL                |       | 12       | SLOW |              |          |          |
| fx2GotData_in                      | IOB              | INPUT     | LVTTL                |       |          |      |              |          |          |
| fx2GotData_in_temp                 | IOB              | OUTPUT    | LVTTL                |       | 12       | SLOW |              |          |          |
| fx2GotRoom_in                      | IOB              | INPUT     | LVTTL                |       |          |      |              |          |          |
| fx2GotRoom_in_temp                 | IOB              | OUTPUT    | LVTTL                |       | 12       | SLOW |              |          |          |
| fx2OE_out                          | IOB              | OUTPUT    | LVTTL                |       | 12       | SLOW |              |          |          |
| fx2PktEnd_out                      | IOB              | OUTPUT    | LVTTL                |       | 12       | SLOW |              |          |          |
| fx2PktEnd_out_temp                 | IOB              | OUTPUT    | LVTTL                |       | 12       | SLOW |              |          |          |
| fx2Read_out                        | IOB              | OUTPUT    | LVTTL                |       | 12       | SLOW |              |          |          |
| fx2Read_temp                       | IOB              | OUTPUT    | LVTTL                |       | 12       | SLOW |              |          |          |
| fx2Write_out                       | IOB              | OUTPUT    | LVTTL                |       | 12       | SLOW |              |          |          |
| fx2Write_out_temp                  | IOB              | OUTPUT    | LVTTL                |       | 12       | SLOW |              |          |          |
| h2fData_temp[0]                    | IOB              | OUTPUT    | LVTTL                |       | 12       | SLOW |              |          |          |
| h2fData_temp[1]                    | IOB              | OUTPUT    | LVTTL                |       | 12       | SLOW |              |          |          |
| h2fReady_temp                      | IOB              | OUTPUT    | LVTTL                |       | 12       | SLOW |              |          |          |
| h2fValid_temp                      | IOB              | OUTPUT    | LVTTL                |       | 12       | SLOW |              |          |          |
| heater_o[0]                        | IOB              | OUTPUT    | LVTTL                |       | 12       | SLOW |              |          |          |
| heater_o[1]                        | IOB              | OUTPUT    | LVTTL                |       | 12       | SLOW |              |          |          |
| ldTemp_o[0]                        | IOB              | OUTPUT    | LVTTL                |       | 12       | SLOW |              |          |          |
| ldTemp_o[1]                        | IOB              | OUTPUT    | LVTTL                |       | 12       | SLOW |              |          |          |
| ldTemp_o[2]                        | IOB              | OUTPUT    | LVTTL                |       | 12       | SLOW |              |          |          |
| ldTemp_o[3]                        | IOB              | OUTPUT    | LVTTL                |       | 12       | SLOW |              |          |          |
| ldTemp_o[4]                        | IOB              | OUTPUT    | LVTTL                |       | 12       | SLOW |              |          |          |
| ldTemp_o[5]                        | IOB              | OUTPUT    | LVTTL                |       | 12       | SLOW |              |          |          |
| ldTemp_o[6]                        | IOB              | OUTPUT    | LVTTL                |       | 12       | SLOW |              |          |          |
| ldTemp_o[7]                        | IOB              | OUTPUT    | LVTTL                |       | 12       | SLOW |              |          |          |
| ldTemp_o[8]                        | IOB              | OUTPUT    | LVTTL                |       | 12       | SLOW |              |          |          |
| ldTemp_o[9]                        | IOB              | OUTPUT    | LVTTL                |       | 12       | SLOW |              |          |          |
| ldTemp_o[10]                       | IOB              | OUTPUT    | LVTTL                |       | 12       | SLOW |              |          |          |
| ldTemp_o[11]                       | IOB              | OUTPUT    | LVTTL                |       | 12       | SLOW |              |          |          |
| loadSw_o[0]                        | IOB              | OUTPUT    | LVTTL                |       | 12       | SLOW |              |          |          |
| loadSw_o[1]                        | IOB              | OUTPUT    | LVTTL                |       | 12       | SLOW |              |          |          |
| loadSw_o[2]                        | IOB              | OUTPUT    | LVTTL                |       | 12       | SLOW |              |          |          |
| loadSw_o[3]                        | IOB              | OUTPUT    | LVTTL                |       | 12       | SLOW |              |          |          |
| nldTempLDAC_o                      | IOB              | OUTPUT    | LVTTL                |       | 12       | SLOW |              |          |          |
| nldTempPD_o                        | IOB              | OUTPUT    | LVTTL                |       | 12       | SLOW |              |          |          |
| nldTempWE_o                        | IOB              | OUTPUT    | LVTTL                |       | 12       | SLOW |              |          |          |
| ppm_rx_async_i                     | IOB              | INPUT     | LVTTL                |       |          |      |              |          |          |
| ppm_tx_o                           | IOB              | OUTPUT    | LVTTL                |       | 12       | SLOW |              |          |          |
| spi1clk_o                          | IOB              | OUTPUT    | LVTTL                |       | 12       | SLOW |              |          |          |
| spi1mosi_o                         | IOB              | OUTPUT    | LVTTL                |       | 12       | SLOW |              |          |          |
| spi1nsync_o[0]                     | IOB              | OUTPUT    | LVTTL                |       | 12       | SLOW |              |          |          |
| spi1nsync_o[1]                     | IOB              | OUTPUT    | LVTTL                |       | 12       | SLOW |              |          |          |
| spi2clk_o                          | IOB              | OUTPUT    | LVTTL                |       | 12       | SLOW |              |          |          |
| spi2miso_i                         | IOB              | INPUT     | LVTTL                |       |          |      |              |          |          |
| spi2ncs_o[0]                       | IOB              | OUTPUT    | LVTTL                |       | 12       | SLOW |              |          |          |
| spi2ncs_o[1]                       | IOB              | OUTPUT    | LVTTL                |       | 12       | SLOW |              |          |          |
| spi2ncs_o[2]                       | IOB              | OUTPUT    | LVTTL                |       | 12       | SLOW |              |          |          |
| spi2ncs_o[3]                       | IOB              | OUTPUT    | LVTTL                |       | 12       | SLOW |              |          |          |
| spi2ncs_o[4]                       | IOB              | OUTPUT    | LVTTL                |       | 12       | SLOW |              |          |          |
| spi2ncs_o[5]                       | IOB              | OUTPUT    | LVTTL                |       | 12       | SLOW |              |          |          |
| spi2ncs_o[6]                       | IOB              | OUTPUT    | LVTTL                |       | 12       | SLOW |              |          |          |
| spi2ncs_o[7]                       | IOB              | OUTPUT    | LVTTL                |       | 12       | SLOW |              |          |          |
| spi2ncs_o[8]                       | IOB              | OUTPUT    | LVTTL                |       | 12       | SLOW |              |          |          |
| spi2ncs_o[9]                       | IOB              | OUTPUT    | LVTTL                |       | 12       | SLOW |              |          |          |
| spi2ncs_o[10]                      | IOB              | OUTPUT    | LVTTL                |       | 12       | SLOW |              |          |          |
| spi2ncs_o[11]                      | IOB              | OUTPUT    | LVTTL                |       | 12       | SLOW |              |          |          |
| spi3clk_o                          | IOB              | OUTPUT    | LVTTL                |       | 12       | SLOW |              |          |          |
| spi3mosi_o                         | IOB              | OUTPUT    | LVTTL                |       | 12       | SLOW |              |          |          |
| spi3ncs_o                          | IOB              | OUTPUT    | LVTTL                |       | 12       | SLOW |              |          |          |
| spi3nrst_o                         | IOB              | OUTPUT    | LVTTL                |       | 12       | SLOW |              |          |          |
| sym_sync_o                         | IOB              | OUTPUT    | LVTTL                |       | 12       | SLOW |              |          |          |
| toggle_o                           | IOB              | OUTPUT    | LVTTL                |       | 12       | SLOW |              |          |          |
| uart_i                             | IOB              | INPUT     | LVTTL                |       |          |      |              |          |          |
| uart_o                             | IOB              | OUTPUT    | LVTTL                |       | 12       | SLOW |              |          |          |
| wr_o                               | IOB              | OUTPUT    | LVTTL                |       | 12       | SLOW |              |          |          |
+---------------------------------------------------------------------------------------------------------------------------------------------------------+

Section 7 - RPMs
----------------

Section 8 - Guide Report
------------------------
Guide not run on this design.

Section 9 - Area Group and Partition Summary
--------------------------------------------

Partition Implementation Status
-------------------------------

  No Partitions were found in this design.

-------------------------------

Area Group Information
----------------------

  No area groups were found in this design.

----------------------

Section 10 - Timing Report
--------------------------
A logic-level (pre-route) timing report can be generated by using Xilinx static
timing analysis tools, Timing Analyzer (GUI) or TRCE (command line), with the
mapped NCD and PCF files. Please note that this timing report will be generated
using estimated delay information. For accurate numbers, please generate a
timing report with the post Place and Route NCD file.

For more information about the Timing Analyzer, consult the Xilinx Timing
Analyzer Reference Manual; for more information about TRCE, consult the Xilinx
Command Line Tools User Guide "TRACE" chapter.

Section 11 - Configuration String Details
-----------------------------------------
Use the "-detail" map option to print out Configuration Strings

Section 12 - Control Set Information
------------------------------------
Use the "-detail" map option to print out Control Set Information.

Section 13 - Utilization by Hierarchy
-------------------------------------
Use the "-detail" map option to print out the Utilization by Hierarchy section.
